[24-Oct-2025 11:14:33 UTC] PHP Deprecated:  ¡El archivo wp-db.php ha quedado <strong>obsoleto</strong> desde la versión 6.1.0! Usa wp-includes/class-wpdb.php en su lugar. in D:\xampp\htdocs\dportosports\wp-includes\functions.php on line 6121
[24-Oct-2025 11:19:48 UTC] PHP Deprecated:  ¡El archivo wp-db.php ha quedado <strong>obsoleto</strong> desde la versión 6.1.0! Usa wp-includes/class-wpdb.php en su lugar. in D:\xampp\htdocs\dportosports\wp-includes\functions.php on line 6121
[24-Oct-2025 18:17:51 UTC] Automatic updates starting...
[24-Oct-2025 18:17:52 UTC]   Automatic plugin updates starting...
[24-Oct-2025 18:17:52 UTC]   Automatic plugin updates complete.
[24-Oct-2025 18:17:53 UTC]   Automatic theme updates starting...
[24-Oct-2025 18:17:53 UTC]   Automatic theme updates complete.
[24-Oct-2025 18:17:53 UTC] Automatic updates complete.
[03-Nov-2025 11:55:17 UTC] Automatic updates starting...
[03-Nov-2025 11:55:18 UTC]   Automatic plugin updates starting...
[03-Nov-2025 11:55:18 UTC]   Automatic plugin updates complete.
[03-Nov-2025 11:55:18 UTC]   Automatic theme updates starting...
[03-Nov-2025 11:55:18 UTC]   Automatic theme updates complete.
[03-Nov-2025 11:55:18 UTC] Automatic updates complete.
[06-Nov-2025 11:16:50 UTC] Automatic updates starting...
[06-Nov-2025 11:16:50 UTC]   Automatic plugin updates starting...
[06-Nov-2025 11:16:50 UTC]   Automatic plugin updates complete.
[06-Nov-2025 11:16:51 UTC]   Automatic theme updates starting...
[06-Nov-2025 11:16:51 UTC]   Automatic theme updates complete.
[06-Nov-2025 11:16:51 UTC] Automatic updates complete.
[06-Nov-2025 13:03:30 UTC] Automatic updates starting...
[06-Nov-2025 13:03:30 UTC]   Automatic plugin updates starting...
[06-Nov-2025 13:03:30 UTC]   Automatic plugin updates complete.
[06-Nov-2025 13:03:31 UTC]   Automatic theme updates starting...
[06-Nov-2025 13:03:31 UTC]   Automatic theme updates complete.
[06-Nov-2025 13:03:31 UTC] Automatic updates complete.
[06-Nov-2025 13:45:43 UTC] PHP Deprecated:  ¡La función the_block_template_skip_link ha quedado <strong>obsoleta</strong> desde la versión 6.4.0! Usa wp_enqueue_block_template_skip_link() en su lugar. in D:\xampp\htdocs\dportosports\wp-includes\functions.php on line 6121
[07-Nov-2025 15:56:14 UTC] Automatic updates starting...
[07-Nov-2025 15:56:14 UTC]   Automatic plugin updates starting...
[07-Nov-2025 15:56:14 UTC]   Automatic plugin updates complete.
[07-Nov-2025 15:56:14 UTC]   Automatic theme updates starting...
[07-Nov-2025 15:56:14 UTC]   Automatic theme updates complete.
[07-Nov-2025 15:56:14 UTC] Automatic updates complete.
[08-Nov-2025 21:28:46 UTC] Automatic updates starting...
[08-Nov-2025 21:28:46 UTC]   Automatic plugin updates starting...
[08-Nov-2025 21:28:46 UTC]   Automatic plugin updates complete.
[08-Nov-2025 21:28:47 UTC]   Automatic theme updates starting...
[08-Nov-2025 21:28:47 UTC]   Automatic theme updates complete.
[08-Nov-2025 21:28:47 UTC] Automatic updates complete.
[08-Nov-2025 23:29:26 UTC] WordPress database error Deadlock found when trying to get lock; try restarting transaction for query INSERT INTO `wp_options` (`option_name`, `option_value`, `autoload`) VALUES ('_site_transient_timeout_wp_theme_files_patterns-8d60a85bddb7d1a81ae45fdc6face010', '1762646366', 'off') ON DUPLICATE KEY UPDATE `option_name` = VALUES(`option_name`), `option_value` = VALUES(`option_value`), `autoload` = VALUES(`autoload`) made by require('wp-blog-header.php'), require_once('wp-load.php'), require_once('wp-config.php'), require_once('wp-settings.php'), do_action('init'), WP_Hook->do_action, WP_Hook->apply_filters, _register_theme_block_patterns, WP_Theme->get_block_patterns, WP_Theme->set_pattern_cache, set_site_transient, add_site_option, add_network_option, add_option
[15-Nov-2025 15:03:56 UTC] Automatic updates starting...
[15-Nov-2025 15:03:56 UTC]   Automatic plugin updates starting...
[15-Nov-2025 15:03:56 UTC]   Automatic plugin updates complete.
[15-Nov-2025 15:03:57 UTC]   Automatic theme updates starting...
[15-Nov-2025 15:03:57 UTC]   Automatic theme updates complete.
[15-Nov-2025 15:03:57 UTC] Automatic updates complete.
